<?xml version="1.0" encoding="UTF-8"?>
<!-- Generated by org.testng.reporters.JUnitReportReporter -->
<testsuite hostname="PerryG.local" failures="0" tests="3" name="Request.TC001_GET_Request" time="2.609" errors="0" timestamp="5 Nov 2019 12:28:01 GMT">
  <testcase classname="Request.TC001_GET_Request" name="get_filter" time="0.478"/>
  <testcase classname="Request.TC001_GET_Request" name="get_Homedata" time="0.608"/>
  <testcase classname="Request.TC001_GET_Request" name="get_categories" time="1.523"/>
</testsuite> <!-- Request.TC001_GET_Request -->
