<?xml version="1.0" encoding="UTF-8"?>
<!-- Generated by org.testng.reporters.JUnitReportReporter -->
<testsuite hostname="PerryG.local" failures="0" tests="3" name="Mentor.Mentor_GET_Req" time="2.838" errors="0" timestamp="12 Nov 2019 12:24:53 GMT" skipped="0">
  <testcase classname="Mentor.Mentor_GET_Req" name="get_categories" time="1.724"/>
  <testcase classname="Mentor.Mentor_GET_Req" name="get_filter" time="0.555"/>
  <testcase classname="Mentor.Mentor_GET_Req" name="get_Homedata" time="0.559"/>
</testsuite> <!-- Mentor.Mentor_GET_Req -->
