<?xml version="1.0" encoding="UTF-8"?>
<!-- Generated by org.testng.reporters.JUnitReportReporter -->
<testsuite hostname="PerryG.local" failures="0" tests="1" name="GetRequest.TC001_GET_Request" time="1.661" errors="0" timestamp="22 Oct 2019 05:32:40 GMT">
  <testcase classname="GetRequest.TC001_GET_Request" name="getweather_details" time="1.661"/>
</testsuite> <!-- GetRequest.TC001_GET_Request -->
