<?xml version="1.0" encoding="UTF-8"?>
<!-- Generated by org.testng.reporters.JUnitReportReporter -->
<testsuite hostname="PerryG.local" failures="0" tests="2" name="Request.TC002_POST_Request" time="2.443" errors="0" timestamp="21 Nov 2019 11:21:50 GMT" skipped="0">
  <testcase classname="Request.TC002_POST_Request" name="Login" time="2.338"/>
  <testcase classname="Request.TC002_POST_Request" name="Upload_Profile_Picture" time="0.105"/>
</testsuite> <!-- Request.TC002_POST_Request -->
